2012.04.26 22:02 B C:\Users\Thomas\Desktop\Scoutsaverbode.be\images\bg.jpg --> ftp.scoutnet.be /public_html/images bg.jpg
2012.04.26 22:02 B C:\Users\Thomas\Desktop\Scoutsaverbode.be\images\bg2.jpg --> ftp.scoutnet.be /public_html/images bg2.jpg
2012.04.26 22:02 B C:\Users\Thomas\Desktop\Scoutsaverbode.be\images\header.jpg --> ftp.scoutnet.be /public_html/images header.jpg
2012.04.26 22:02 B C:\Users\Thomas\Desktop\Scoutsaverbode.be\images\image.jpg --> ftp.scoutnet.be /public_html/images image.jpg
2012.04.26 22:02 B C:\Users\Thomas\Desktop\Scoutsaverbode.be\images\Scoutsafbeelding.jpg --> ftp.scoutnet.be /public_html/images Scoutsafbeelding.jpg
2012.04.26 22:02 B C:\Users\Thomas\Desktop\Scoutsaverbode.be\images\scoutsteken.png --> ftp.scoutnet.be /public_html/images scoutsteken.png
2012.04.26 22:02 B C:\Users\Thomas\Desktop\Scoutsaverbode.be\images\uniform1.jpg --> ftp.scoutnet.be /public_html/images uniform1.jpg
2012.04.26 22:02 B C:\Users\Thomas\Desktop\Scoutsaverbode.be\images\uniform5.jpg --> ftp.scoutnet.be /public_html/images uniform5.jpg
2012.04.26 22:02 B C:\Users\Thomas\Desktop\Scoutsaverbode.be\images\Verkenners.png --> ftp.scoutnet.be /public_html/images Verkenners.png
2012.05.08 20:13 B C:\Users\Thomas\Desktop\Scoutsaverbode.be\images\groepsfoto.png --> ftp.scoutnet.be /public_html/images groepsfoto.png
2012.05.08 20:13 B C:\Users\Thomas\Desktop\Scoutsaverbode.be\images\WS_FTP.LOG --> ftp.scoutnet.be /public_html/images WS_FTP.LOG
2012.05.08 20:39 B C:\Users\Thomas\Desktop\Scoutsaverbode.be\images\jgidsen.jpg --> ftp.scoutnet.be /public_html/images jgidsen.jpg
2012.05.08 20:40 B C:\Users\Thomas\Desktop\Scoutsaverbode.be\images\jgidsen.jpg --> ftp.scoutnet.be /public_html/images jgidsen.jpg
2012.05.25 11:50 B C:\users\Thomas\Desktop\Scoutsaverbode.be\images\groepsfoto.png --> ftp.scoutnet.be /public_html/images groepsfoto.png
2012.05.25 11:51 B C:\users\Thomas\Desktop\Scoutsaverbode.be\images\jgidsen.jpg --> ftp.scoutnet.be /public_html/images jgidsen.jpg
2012.05.25 11:51 B C:\users\Thomas\Desktop\Scoutsaverbode.be\images\WS_FTP.LOG --> ftp.scoutnet.be /public_html/images WS_FTP.LOG
2012.06.13 23:36 B C:\users\Thomas\Desktop\Scoutsaverbode.be\images\achtergrond.jpg --> ftp.scoutnet.be /public_html/images achtergrond.jpg
2012.06.13 23:36 B C:\users\Thomas\Desktop\Scoutsaverbode.be\images\banner.png --> ftp.scoutnet.be /public_html/images banner.png
2012.06.13 23:37 B C:\users\Thomas\Desktop\Scoutsaverbode.be\images\red.jpg --> ftp.scoutnet.be /public_html/images red.jpg
2012.06.13 23:37 B C:\users\Thomas\Desktop\Scoutsaverbode.be\images\WS_FTP.LOG --> ftp.scoutnet.be /public_html/images WS_FTP.LOG
